This is pdfTeX, Version 3.141592653-2.6-1.40.25 (TeX Live 2023) (preloaded format=latex 2023.5.5)  6 MAY 2023 15:03
entering extended mode
 restricted \write18 enabled.
 %&-line parsing enabled.
**decoder-to-encoder.tex
(/usr/local/texlive/2023/texmf-dist/tex/latex/tools/x.tex
LaTeX2e <2022-11-01> patch level 1
L3 programming layer <2023-04-20>
! .
l.38   \batchmode \errmessage{}
                               \csname @@end\endcsname \end
This error message was generated by an \errmessage
command, so I can't give any explicit help.
Pretend that you're Hercule Poirot: Examine all clues,
and deduce the truth by order and method.

 ) 
Here is how much of TeX's memory you used:
 18 strings out of 476002
 528 string characters out of 5789232
 1850071 words of memory out of 5000000
 20593 multiletter control sequences out of 15000+600000
 512287 words of font info for 32 fonts, out of 8000000 for 9000
 1141 hyphenation exceptions out of 8191
 13i,0n,12p,102b,10s stack positions out of 10000i,1000n,20000p,200000b,200000s

No pages of output.
