This is pdfTeX, Version 3.14159265-2.6-1.40.21 (TeX Live 2020) (preloaded format=latex 2020.10.12)  14 OCT 2020 08:54
entering extended mode
 restricted \write18 enabled.
 %&-line parsing enabled.
**help
(/usr/local/texlive/2020/texmf-dist/tex/latex/tools/q.tex
LaTeX2e <2020-10-01> patch level 1
L3 programming layer <2020-10-05> xparse <2020-03-03> File ignored
)
! Emergency stop.
<*> help
        
*** (job aborted, no legal \end found)

 
Here is how much of TeX's memory you used:
 18 strings out of 479918
 513 string characters out of 5882737
 262911 words of memory out of 5000000
 16693 multiletter control sequences out of 15000+600000
 535088 words of font info for 29 fonts, out of 8000000 for 9000
 1141 hyphenation exceptions out of 8191
 13i,0n,15p,84b,10s stack positions out of 5000i,500n,10000p,200000b,80000s
No pages of output.
