This is pdfTeX, Version 3.14159265-2.6-1.40.20 (TeX Live 2019/Debian) (preloaded format=latex 2020.10.11)  11 OCT 2020 19:23
entering extended mode
 restricted \write18 enabled.
 %&-line parsing enabled.
**d-flip-flop.tex
(./d-flip-flop.tex
LaTeX2e <2020-02-02> patch level 2
L3 programming layer <2020-02-14>

! LaTeX Error: File `standalone.cls' not found.

Type X to quit or <RETURN> to proceed,
or enter new name. (Default extension: cls)

Enter file name: x

 )
(\end occurred when \ifx on line 2 was incomplete)
(\end occurred when \ifx on line 2 was incomplete) 
Here is how much of TeX's memory you used:
 22 strings out of 483184
 488 string characters out of 5966317
 231599 words of memory out of 5000000
 15137 multiletter control sequences out of 15000+600000
 532338 words of font info for 24 fonts, out of 8000000 for 9000
 14 hyphenation exceptions out of 8191
 14i,0n,17p,73b,10s stack positions out of 5000i,500n,10000p,200000b,80000s

No pages of output.
